Building DAG of jobs...
Using shell: /bin/bash
Provided cores: 32
Rules claiming more threads will be scaled down.
Job counts:
	count	jobs
	1	fetch_nxml
	1

[Sat Nov 28 19:45:15 2020]
rule fetch_nxml:
    output: output/PMC4894337.nxml, output/PMC5617106.nxml, output/PMC6134338.nxml, output/PMC6139384.nxml, output/PMC6169728.nxml, output/PMC6169731.nxml, output/PMC6169733.nxml, output/PMC6171558.nxml, output/PMC6198259.nxml, output/PMC6202282.nxml, output/PMC6281813.nxml, output/PMC6291384.nxml, output/PMC6292507.nxml, output/PMC6292746.nxml, output/PMC6292748.nxml, output/PMC6309767.nxml, output/PMC6310669.nxml, output/PMC6310680.nxml, output/PMC6344327.nxml, output/PMC6367065.nxml, output/PMC6367070.nxml, output/PMC6375806.nxml, output/PMC6377864.nxml, output/PMC6378130.nxml, output/PMC6378138.nxml, output/PMC6378141.nxml, output/PMC6382596.nxml, output/PMC6406176.nxml, output/PMC6428621.nxml, output/PMC6445783.nxml, output/PMC6447473.nxml, output/PMC6447479.nxml, output/PMC6478563.nxml, output/PMC6482106.nxml, output/PMC6494706.nxml, output/PMC6520219.nxml, output/PMC6536363.nxml, output/PMC6542726.nxml, output/PMC6544076.nxml, output/PMC6548676.nxml, output/PMC6551303.nxml, output/PMC6588504.nxml, output/PMC6600864.nxml, output/PMC6601426.nxml, output/PMC6609505.nxml, output/PMC6609509.nxml, output/PMC6616020.nxml, output/PMC6629527.nxml, output/PMC6639158.nxml, output/PMC6661224.nxml, output/PMC6663662.nxml, output/PMC6664352.nxml, output/PMC6667324.nxml, output/PMC6669124.nxml, output/PMC6675676.nxml, output/PMC6682472.nxml, output/PMC6685773.nxml, output/PMC6685929.nxml, output/PMC6692256.nxml
    jobid: 0

[Sat Nov 28 19:45:15 2020]
Error in rule fetch_nxml:
    jobid: 0
    output: output/PMC4894337.nxml, output/PMC5617106.nxml, output/PMC6134338.nxml, output/PMC6139384.nxml, output/PMC6169728.nxml, output/PMC6169731.nxml, output/PMC6169733.nxml, output/PMC6171558.nxml, output/PMC6198259.nxml, output/PMC6202282.nxml, output/PMC6281813.nxml, output/PMC6291384.nxml, output/PMC6292507.nxml, output/PMC6292746.nxml, output/PMC6292748.nxml, output/PMC6309767.nxml, output/PMC6310669.nxml, output/PMC6310680.nxml, output/PMC6344327.nxml, output/PMC6367065.nxml, output/PMC6367070.nxml, output/PMC6375806.nxml, output/PMC6377864.nxml, output/PMC6378130.nxml, output/PMC6378138.nxml, output/PMC6378141.nxml, output/PMC6382596.nxml, output/PMC6406176.nxml, output/PMC6428621.nxml, output/PMC6445783.nxml, output/PMC6447473.nxml, output/PMC6447479.nxml, output/PMC6478563.nxml, output/PMC6482106.nxml, output/PMC6494706.nxml, output/PMC6520219.nxml, output/PMC6536363.nxml, output/PMC6542726.nxml, output/PMC6544076.nxml, output/PMC6548676.nxml, output/PMC6551303.nxml, output/PMC6588504.nxml, output/PMC6600864.nxml, output/PMC6601426.nxml, output/PMC6609505.nxml, output/PMC6609509.nxml, output/PMC6616020.nxml, output/PMC6629527.nxml, output/PMC6639158.nxml, output/PMC6661224.nxml, output/PMC6663662.nxml, output/PMC6664352.nxml, output/PMC6667324.nxml, output/PMC6669124.nxml, output/PMC6675676.nxml, output/PMC6682472.nxml, output/PMC6685773.nxml, output/PMC6685929.nxml, output/PMC6692256.nxml
    shell:
        
        python fetch_nxml.py output/PMC4894337.nxml output/PMC5617106.nxml output/PMC6134338.nxml output/PMC6139384.nxml output/PMC6169728.nxml output/PMC6169731.nxml output/PMC6169733.nxml output/PMC6171558.nxml output/PMC6198259.nxml output/PMC6202282.nxml output/PMC6281813.nxml output/PMC6291384.nxml output/PMC6292507.nxml output/PMC6292746.nxml output/PMC6292748.nxml output/PMC6309767.nxml output/PMC6310669.nxml output/PMC6310680.nxml output/PMC6344327.nxml output/PMC6367065.nxml output/PMC6367070.nxml output/PMC6375806.nxml output/PMC6377864.nxml output/PMC6378130.nxml output/PMC6378138.nxml output/PMC6378141.nxml output/PMC6382596.nxml output/PMC6406176.nxml output/PMC6428621.nxml output/PMC6445783.nxml output/PMC6447473.nxml output/PMC6447479.nxml output/PMC6478563.nxml output/PMC6482106.nxml output/PMC6494706.nxml output/PMC6520219.nxml output/PMC6536363.nxml output/PMC6542726.nxml output/PMC6544076.nxml output/PMC6548676.nxml output/PMC6551303.nxml output/PMC6588504.nxml output/PMC6600864.nxml output/PMC6601426.nxml output/PMC6609505.nxml output/PMC6609509.nxml output/PMC6616020.nxml output/PMC6629527.nxml output/PMC6639158.nxml output/PMC6661224.nxml output/PMC6663662.nxml output/PMC6664352.nxml output/PMC6667324.nxml output/PMC6669124.nxml output/PMC6675676.nxml output/PMC6682472.nxml output/PMC6685773.nxml output/PMC6685929.nxml output/PMC6692256.nxml
        
        (one of the commands exited with non-zero exit code; note that snakemake uses bash strict mode!)

Shutting down, this might take some time.
Exiting because a job execution failed. Look above for error message
Complete log: /home/jovyan/reach_pubmed/.snakemake/log/2020-11-28T194515.364396.snakemake.log
