Building DAG of jobs...
Using shell: /bin/bash
Provided cores: 32
Rules claiming more threads will be scaled down.
Job counts:
	count	jobs
	1	fetch_nxml
	1

[Sat Nov 28 19:47:47 2020]
rule fetch_nxml:
    output: PMC4894337.nxml, PMC5617106.nxml, PMC6134338.nxml, PMC6139384.nxml, PMC6169728.nxml, PMC6169731.nxml, PMC6169733.nxml, PMC6171558.nxml, PMC6198259.nxml, PMC6202282.nxml, PMC6281813.nxml, PMC6291384.nxml, PMC6292507.nxml, PMC6292746.nxml, PMC6292748.nxml, PMC6309767.nxml, PMC6310669.nxml, PMC6310680.nxml, PMC6344327.nxml, PMC6367065.nxml, PMC6367070.nxml, PMC6375806.nxml, PMC6377864.nxml, PMC6378130.nxml, PMC6378138.nxml, PMC6378141.nxml, PMC6382596.nxml, PMC6406176.nxml, PMC6428621.nxml, PMC6445783.nxml, PMC6447473.nxml, PMC6447479.nxml, PMC6478563.nxml, PMC6482106.nxml, PMC6494706.nxml, PMC6520219.nxml, PMC6536363.nxml, PMC6542726.nxml, PMC6544076.nxml, PMC6548676.nxml, PMC6551303.nxml, PMC6588504.nxml, PMC6600864.nxml, PMC6601426.nxml, PMC6609505.nxml, PMC6609509.nxml, PMC6616020.nxml, PMC6629527.nxml, PMC6639158.nxml, PMC6661224.nxml, PMC6663662.nxml, PMC6664352.nxml, PMC6667324.nxml, PMC6669124.nxml, PMC6675676.nxml, PMC6682472.nxml, PMC6685773.nxml, PMC6685929.nxml, PMC6692256.nxml
    jobid: 0

[Sat Nov 28 19:47:47 2020]
Error in rule fetch_nxml:
    jobid: 0
    output: PMC4894337.nxml, PMC5617106.nxml, PMC6134338.nxml, PMC6139384.nxml, PMC6169728.nxml, PMC6169731.nxml, PMC6169733.nxml, PMC6171558.nxml, PMC6198259.nxml, PMC6202282.nxml, PMC6281813.nxml, PMC6291384.nxml, PMC6292507.nxml, PMC6292746.nxml, PMC6292748.nxml, PMC6309767.nxml, PMC6310669.nxml, PMC6310680.nxml, PMC6344327.nxml, PMC6367065.nxml, PMC6367070.nxml, PMC6375806.nxml, PMC6377864.nxml, PMC6378130.nxml, PMC6378138.nxml, PMC6378141.nxml, PMC6382596.nxml, PMC6406176.nxml, PMC6428621.nxml, PMC6445783.nxml, PMC6447473.nxml, PMC6447479.nxml, PMC6478563.nxml, PMC6482106.nxml, PMC6494706.nxml, PMC6520219.nxml, PMC6536363.nxml, PMC6542726.nxml, PMC6544076.nxml, PMC6548676.nxml, PMC6551303.nxml, PMC6588504.nxml, PMC6600864.nxml, PMC6601426.nxml, PMC6609505.nxml, PMC6609509.nxml, PMC6616020.nxml, PMC6629527.nxml, PMC6639158.nxml, PMC6661224.nxml, PMC6663662.nxml, PMC6664352.nxml, PMC6667324.nxml, PMC6669124.nxml, PMC6675676.nxml, PMC6682472.nxml, PMC6685773.nxml, PMC6685929.nxml, PMC6692256.nxml
    shell:
        
        python fetch_nxml.py PMC4894337.nxml PMC5617106.nxml PMC6134338.nxml PMC6139384.nxml PMC6169728.nxml PMC6169731.nxml PMC6169733.nxml PMC6171558.nxml PMC6198259.nxml PMC6202282.nxml PMC6281813.nxml PMC6291384.nxml PMC6292507.nxml PMC6292746.nxml PMC6292748.nxml PMC6309767.nxml PMC6310669.nxml PMC6310680.nxml PMC6344327.nxml PMC6367065.nxml PMC6367070.nxml PMC6375806.nxml PMC6377864.nxml PMC6378130.nxml PMC6378138.nxml PMC6378141.nxml PMC6382596.nxml PMC6406176.nxml PMC6428621.nxml PMC6445783.nxml PMC6447473.nxml PMC6447479.nxml PMC6478563.nxml PMC6482106.nxml PMC6494706.nxml PMC6520219.nxml PMC6536363.nxml PMC6542726.nxml PMC6544076.nxml PMC6548676.nxml PMC6551303.nxml PMC6588504.nxml PMC6600864.nxml PMC6601426.nxml PMC6609505.nxml PMC6609509.nxml PMC6616020.nxml PMC6629527.nxml PMC6639158.nxml PMC6661224.nxml PMC6663662.nxml PMC6664352.nxml PMC6667324.nxml PMC6669124.nxml PMC6675676.nxml PMC6682472.nxml PMC6685773.nxml PMC6685929.nxml PMC6692256.nxml
        
        (one of the commands exited with non-zero exit code; note that snakemake uses bash strict mode!)

Shutting down, this might take some time.
Exiting because a job execution failed. Look above for error message
Complete log: /home/jovyan/reach_pubmed/.snakemake/log/2020-11-28T194747.133242.snakemake.log
